{'edge_sort_time': 0.04240859031677246, 'node_matches': 494.6, 'second_graph_creation': 0.1335398292541504, 'nodes_handled': 494.16, 'total_time': 0.3421257758140564, 'first_graph_creation': 0.154244225025177, 'greatest_constraints_time': 0.0014209747314453125, 'match_time': 0.01051215648651123}
{'greatest_constraints_time': 0.0013661718368530274, 'edge_sort_time': 0.04223166704177857, 'first_graph_creation': 0.15475643873214723, 'match_time': 0.01722399950027466, 'node_matches': 497.31, 'total_time': 0.3507225060462952, 'second_graph_creation': 0.1351442289352417, 'nodes_handled': 496.48}
{'second_graph_creation': 0.14543025255203246, 'first_graph_creation': 0.15671350479125976, 'greatest_constraints_time': 0.0011988210678100587, 'total_time': 0.34889286041259765, 'match_time': 0.008663554191589356, 'edge_sort_time': 0.036886727809906004, 'nodes_handled': 496.94, 'node_matches': 417.48}
{'node_matches': 423.83, 'edge_sort_time': 0.0370898962020874, 'first_graph_creation': 0.1588289213180542, 'match_time': 0.015242257118225098, 'second_graph_creation': 0.14949780225753784, 'greatest_constraints_time': 0.0012035965919494629, 'nodes_handled': 502.06, 'total_time': 0.361862473487854}
{'match_time': 0.0063161921501159665, 'first_graph_creation': 0.15430313110351562, 'second_graph_creation': 0.15830113649368285, 'node_matches': 254.67, 'nodes_handled': 496.64, 'total_time': 0.34727590084075927, 'greatest_constraints_time': 0.0009937429428100587, 'edge_sort_time': 0.027361698150634765}
{'edge_sort_time': 0.027584116458892822, 'node_matches': 252.18, 'total_time': 0.35332293033599854, 'nodes_handled': 499.14, 'match_time': 0.00834589719772339, 'greatest_constraints_time': 0.0009957647323608398, 'second_graph_creation': 0.15971055269241333, 'first_graph_creation': 0.15668659925460815}
{'greatest_constraints_time': 0.0007944512367248535, 'match_time': 0.0026827383041381834, 'second_graph_creation': 0.16260807037353517, 'total_time': 0.34799126148223875, 'nodes_handled': 504.65, 'node_matches': 92.25, 'first_graph_creation': 0.15955708980560301, 'edge_sort_time': 0.02234891176223755}
{'second_graph_creation': 0.16277624607086183, 'total_time': 0.348931884765625, 'greatest_constraints_time': 0.0008071112632751465, 'nodes_handled': 503.96, 'match_time': 0.0029331326484680178, 'edge_sort_time': 0.02227116346359253, 'first_graph_creation': 0.16014423131942748, 'node_matches': 91.38}

{'edge_sort_time': 0.12480828046798706, 'second_graph_creation': 0.5550630569458008, 'first_graph_creation': 0.5529228901863098, 'match_time': 0.026005403995513918, 'greatest_constraints_time': 0.001996879577636719, 'nodes_handled': 495.14, 'total_time': 1.2607965111732482, 'node_matches': 495.14}
{'total_time': 1.3323619914054872, 'node_matches': 507.1, 'nodes_handled': 507.1, 'edge_sort_time': 0.12942115783691407, 'match_time': 0.047202975749969484, 'greatest_constraints_time': 0.0020855927467346193, 'first_graph_creation': 0.5755698323249817, 'second_graph_creation': 0.5780824327468872}
{'edge_sort_time': 0.10483320236206055, 'node_matches': 421.01, 'match_time': 0.018704161643981934, 'greatest_constraints_time': 0.0018125581741333008, 'total_time': 1.3127760124206542, 'nodes_handled': 501.38, 'first_graph_creation': 0.5745281171798706, 'second_graph_creation': 0.6128979730606079}
{'match_time': 0.034656219482421875, 'greatest_constraints_time': 0.0018974995613098144, 'total_time': 1.3079338359832764, 'node_matches': 418.98, 'second_graph_creation': 0.6036815023422242, 'nodes_handled': 497.57, 'edge_sort_time': 0.10647523164749145, 'first_graph_creation': 0.5612233829498291}
{'node_matches': 259.75, 'total_time': 1.3191985774040222, 'first_graph_creation': 0.5730140924453735, 'edge_sort_time': 0.07773978233337403, 'match_time': 0.01047173261642456, 'greatest_constraints_time': 0.0014009785652160645, 'second_graph_creation': 0.656571991443634, 'nodes_handled': 500.51}
{'nodes_handled': 496.92, 'first_graph_creation': 0.5611382818222046, 'node_matches': 251.07, 'second_graph_creation': 0.6475745749473572, 'greatest_constraints_time': 0.0014719748497009277, 'total_time': 1.3069861650466919, 'match_time': 0.015559515953063964, 'edge_sort_time': 0.08124181747436524}
{'first_graph_creation': 0.5709428095817566, 'greatest_constraints_time': 0.0011756014823913574, 'match_time': 0.003213376998901367, 'nodes_handled': 502.93, 'node_matches': 92.76, 'edge_sort_time': 0.0673610258102417, 'total_time': 1.2897927856445313, 'second_graph_creation': 0.6470999717712402}
{'second_graph_creation': 0.642885627746582, 'greatest_constraints_time': 0.0011824345588684082, 'nodes_handled': 501.28, 'first_graph_creation': 0.5705060935020447, 'edge_sort_time': 0.06778453826904297, 'total_time': 1.286348476409912, 'match_time': 0.003989782333374024, 'node_matches': 89.33}

{'greatest_constraints_time': 0.0025216960906982422, 'nodes_handled': 505.34, 'second_graph_creation': 1.1867725729942322, 'node_matches': 505.34, 'total_time': 2.605876507759094, 'first_graph_creation': 1.1567322969436646, 'edge_sort_time': 0.21971824407577514, 'match_time': 0.04013169765472412}
{'greatest_constraints_time': 0.0025101518630981446, 'first_graph_creation': 1.1283661818504334, 'second_graph_creation': 1.1577657961845398, 'total_time': 2.5728563976287844, 'node_matches': 499.12, 'nodes_handled': 499.12, 'match_time': 0.07268749237060547, 'edge_sort_time': 0.21152677536010742}
{'greatest_constraints_time': 0.0021709084510803224, 'match_time': 0.029428617954254152, 'total_time': 2.655949568748474, 'node_matches': 416.51, 'second_graph_creation': 1.2735067558288575, 'nodes_handled': 498.15, 'first_graph_creation': 1.1678276252746582, 'edge_sort_time': 0.183015661239624}
{'edge_sort_time': 0.18865569829940795, 'first_graph_creation': 1.1675699996948241, 'node_matches': 423.57, 'nodes_handled': 498.42, 'match_time': 0.05849948167800903, 'greatest_constraints_time': 0.0022608256340026856, 'second_graph_creation': 1.283616964817047, 'total_time': 2.700602970123291}
{'first_graph_creation': 1.2359930300712585, 'second_graph_creation': 1.4446338891983033, 'nodes_handled': 500.5, 'node_matches': 261.06, 'greatest_constraints_time': 0.0018409323692321778, 'edge_sort_time': 0.14823142051696778, 'total_time': 2.8458683705329895, 'match_time': 0.015169098377227783}
{'nodes_handled': 504.26, 'node_matches': 252.36, 'total_time': 2.90038213968277, 'edge_sort_time': 0.145192973613739, 'match_time': 0.024206624031066895, 'second_graph_creation': 1.4788449168205262, 'first_graph_creation': 1.250309455394745, 'greatest_constraints_time': 0.001828169822692871}
{'nodes_handled': 504.71, 'total_time': 2.846910529136658, 'second_graph_creation': 1.4588232040405273, 'greatest_constraints_time': 0.001477057933807373, 'first_graph_creation': 1.2617220664024353, 'edge_sort_time': 0.12072131395339966, 'node_matches': 90.4, 'match_time': 0.004166886806488037}
{'second_graph_creation': 1.4519307899475098, 'first_graph_creation': 1.2605911707878112, 'total_time': 2.8391721200942994, 'greatest_constraints_time': 0.0014695286750793456, 'match_time': 0.00590385913848877, 'nodes_handled': 501.5, 'edge_sort_time': 0.11927677154541015, 'node_matches': 92.91}
